<?xml version="1.0" encoding="UTF-8"?>
<!-- Generated by org.testng.reporters.JUnitReportReporter -->
<testsuite hostname="DESKTOP-I2VH279" failures="0" tests="1" name="com.pack.test.LoginTestClass" time="6.502" errors="0" timestamp="2022-07-14T20:18:02 IST" skipped="0">
  <testcase classname="com.pack.test.LoginTestClass" name="Shop" time="6.502"/>
  <system-out/>
</testsuite> <!-- com.pack.test.LoginTestClass -->
